<?xml version="1.0" encoding="UTF-8"?>
<!-- Generated by org.testng.reporters.JUnitReportReporter -->
<testsuite hostname="DESKTOP-HBMP5KS" failures="0" tests="2" name="MainPackage.OrganaizedTest" time="28.919" errors="0" timestamp="2024-02-11T21:47:45 EET" skipped="1">
  <testcase classname="MainPackage.OrganaizedTest" name="test_website_with_random_Languges" time="28.919"/>
  <system-out/>
  <testcase classname="MainPackage.OrganaizedTest" name="testMainFunctionality">
    <skipped/>
  </testcase> <!-- testMainFunctionality -->
  <system-out/>
</testsuite> <!-- MainPackage.OrganaizedTest -->
