<?xml version="1.0" encoding="UTF-8"?>
<!-- Generated by org.testng.reporters.JUnitReportReporter -->
<testsuite hostname="DESKTOP-HBMP5KS" failures="0" tests="1" name="MainPackage.AutomationTestForAlmosafer" time="3.901" errors="0" timestamp="2024-02-11T11:34:16 EET" skipped="0">
  <testcase classname="MainPackage.AutomationTestForAlmosafer" name="MainTest" time="3.901"/>
  <system-out/>
</testsuite> <!-- MainPackage.AutomationTestForAlmosafer -->
